2023-08-05 10:39:45.482 [info] Log level: Info
2023-08-05 10:39:45.482 [info] Validating found git in: "git"
2023-08-05 10:39:45.482 [info] Using git "2.34.1" from "git"
2023-08-05 10:39:45.482 [info] > git rev-parse --show-toplevel [10ms]
2023-08-05 10:39:45.482 [info] fatal: not a git repository (or any of the parent directories): .git
2023-08-05 10:39:45.483 [info] > git rev-parse --show-toplevel [3ms]
2023-08-05 10:39:45.483 [info] fatal: not a git repository (or any of the parent directories): .git
2023-08-05 10:39:45.483 [info] > git rev-parse --show-toplevel [2ms]
2023-08-05 10:39:45.483 [info] fatal: not a git repository (or any of the parent directories): .git
2023-08-05 10:39:45.483 [info] > git rev-parse --show-toplevel [2ms]
2023-08-05 10:39:45.483 [info] fatal: not a git repository (or any of the parent directories): .git
2023-08-05 10:39:45.483 [info] > git rev-parse --show-toplevel [2ms]
2023-08-05 10:39:45.483 [info] fatal: not a git repository (or any of the parent directories): .git
2023-08-05 10:39:45.484 [info] > git rev-parse --show-toplevel [1ms]
2023-08-05 10:39:45.484 [info] fatal: not a git repository (or any of the parent directories): .git
2023-08-05 10:39:45.484 [info] > git rev-parse --show-toplevel [3ms]
2023-08-05 10:39:45.484 [info] fatal: not a git repository (or any of the parent directories): .git
2023-08-05 10:39:45.484 [info] > git rev-parse --show-toplevel [5ms]
2023-08-05 10:39:45.484 [info] fatal: not a git repository (or any of the parent directories): .git
2023-08-05 10:41:25.973 [info] > git rev-parse --show-toplevel [2ms]
2023-08-05 10:41:25.973 [info] fatal: not a git repository (or any of the parent directories): .git
2023-08-05 10:41:51.271 [info] > git rev-parse --show-toplevel [2ms]
2023-08-05 10:41:51.271 [info] fatal: not a git repository (or any of the parent directories): .git
2023-08-05 10:44:32.092 [info] > git rev-parse --show-toplevel [2ms]
2023-08-05 10:44:32.092 [info] fatal: not a git repository (or any of the parent directories): .git
2023-08-05 10:49:10.591 [info] > git rev-parse --show-toplevel [2ms]
2023-08-05 10:49:10.591 [info] fatal: not a git repository (or any of the parent directories): .git
2023-08-05 10:56:38.885 [info] > git rev-parse --show-toplevel [3ms]
2023-08-05 10:56:38.885 [info] fatal: not a git repository (or any of the parent directories): .git
2023-08-05 10:56:40.547 [info] > git rev-parse --show-toplevel [2ms]
2023-08-05 10:56:40.547 [info] fatal: not a git repository (or any of the parent directories): .git
2023-08-05 11:08:41.122 [info] > git rev-parse --show-toplevel [2ms]
2023-08-05 11:08:41.122 [info] fatal: not a git repository (or any of the parent directories): .git
2023-08-05 11:09:28.458 [info] > git rev-parse --show-toplevel [2ms]
2023-08-05 11:09:28.458 [info] fatal: not a git repository (or any of the parent directories): .git
2023-08-05 11:10:43.415 [info] > git rev-parse --show-toplevel [3ms]
2023-08-05 11:10:43.415 [info] fatal: not a git repository (or any of the parent directories): .git
2023-08-05 11:39:22.796 [info] > git rev-parse --show-toplevel [2ms]
2023-08-05 11:39:22.796 [info] fatal: not a git repository (or any of the parent directories): .git
2023-08-05 11:39:24.109 [info] > git rev-parse --show-toplevel [2ms]
2023-08-05 11:39:24.109 [info] fatal: not a git repository (or any of the parent directories): .git
2023-08-05 12:02:43.657 [info] > git rev-parse --show-toplevel [2ms]
2023-08-05 12:02:43.657 [info] fatal: not a git repository (or any of the parent directories): .git
2023-08-05 12:05:09.803 [info] > git rev-parse --show-toplevel [2ms]
2023-08-05 12:05:09.803 [info] fatal: not a git repository (or any of the parent directories): .git
2023-08-05 12:07:39.296 [info] > git rev-parse --show-toplevel [3ms]
2023-08-05 12:07:39.296 [info] fatal: not a git repository (or any of the parent directories): .git
2023-08-05 12:07:45.075 [info] > git rev-parse --show-toplevel [2ms]
2023-08-05 12:07:45.075 [info] fatal: not a git repository (or any of the parent directories): .git
2023-08-05 12:07:50.173 [info] > git rev-parse --show-toplevel [2ms]
2023-08-05 12:07:50.173 [info] fatal: not a git repository (or any of the parent directories): .git
2023-08-05 12:10:02.440 [info] > git rev-parse --show-toplevel [2ms]
2023-08-05 12:10:02.440 [info] fatal: not a git repository (or any of the parent directories): .git
2023-08-05 12:11:59.810 [info] > git rev-parse --show-toplevel [3ms]
2023-08-05 12:11:59.810 [info] fatal: not a git repository (or any of the parent directories): .git
2023-08-05 12:12:20.921 [info] > git rev-parse --show-toplevel [3ms]
2023-08-05 12:12:20.921 [info] fatal: not a git repository (or any of the parent directories): .git
2023-08-05 12:14:06.690 [info] > git rev-parse --show-toplevel [2ms]
2023-08-05 12:14:06.691 [info] fatal: not a git repository (or any of the parent directories): .git
2023-08-05 13:16:05.870 [info] > git rev-parse --show-toplevel [2ms]
2023-08-05 13:16:05.870 [info] fatal: not a git repository (or any of the parent directories): .git
2023-08-05 14:51:44.642 [info] > git rev-parse --show-toplevel [2ms]
2023-08-05 14:51:44.642 [info] fatal: not a git repository (or any of the parent directories): .git
2023-08-05 14:52:16.556 [info] > git rev-parse --show-toplevel [2ms]
2023-08-05 14:52:16.556 [info] fatal: not a git repository (or any of the parent directories): .git
2023-08-05 15:02:21.970 [info] > git rev-parse --show-toplevel [2ms]
2023-08-05 15:02:21.970 [info] fatal: not a git repository (or any of the parent directories): .git
2023-08-05 15:04:51.588 [info] > git rev-parse --show-toplevel [2ms]
2023-08-05 15:04:51.588 [info] fatal: not a git repository (or any of the parent directories): .git
2023-08-05 15:07:37.207 [info] > git rev-parse --show-toplevel [2ms]
2023-08-05 15:07:37.207 [info] fatal: not a git repository (or any of the parent directories): .git
2023-08-05 15:18:17.082 [info] > git rev-parse --show-toplevel [2ms]
2023-08-05 15:18:17.082 [info] fatal: not a git repository (or any of the parent directories): .git
2023-08-05 15:21:48.385 [info] > git rev-parse --show-toplevel [2ms]
2023-08-05 15:21:48.385 [info] fatal: not a git repository (or any of the parent directories): .git
2023-08-05 15:22:55.333 [info] > git rev-parse --show-toplevel [2ms]
2023-08-05 15:22:55.334 [info] fatal: not a git repository (or any of the parent directories): .git
2023-08-05 15:26:00.349 [info] > git rev-parse --show-toplevel [2ms]
2023-08-05 15:26:00.349 [info] fatal: not a git repository (or any of the parent directories): .git
2023-08-05 15:32:00.956 [info] > git rev-parse --show-toplevel [8ms]
2023-08-05 15:32:00.957 [info] fatal: not a git repository (or any of the parent directories): .git
2023-08-05 15:39:10.031 [info] > git rev-parse --show-toplevel [2ms]
2023-08-05 15:39:10.031 [info] fatal: not a git repository (or any of the parent directories): .git
2023-08-05 15:39:34.659 [info] > git rev-parse --show-toplevel [2ms]
2023-08-05 15:39:34.659 [info] fatal: not a git repository (or any of the parent directories): .git
2023-08-05 15:40:46.490 [info] > git rev-parse --show-toplevel [2ms]
2023-08-05 15:40:46.490 [info] fatal: not a git repository (or any of the parent directories): .git
2023-08-05 15:41:41.092 [info] > git rev-parse --show-toplevel [2ms]
2023-08-05 15:41:41.092 [info] fatal: not a git repository (or any of the parent directories): .git
2023-08-05 15:41:49.662 [info] > git rev-parse --show-toplevel [1ms]
2023-08-05 15:41:49.662 [info] fatal: not a git repository (or any of the parent directories): .git
2023-08-05 15:47:15.232 [info] > git rev-parse --show-toplevel [2ms]
2023-08-05 15:47:15.232 [info] fatal: not a git repository (or any of the parent directories): .git
2023-08-05 15:49:31.992 [info] > git rev-parse --show-toplevel [2ms]
2023-08-05 15:49:31.992 [info] fatal: not a git repository (or any of the parent directories): .git
2023-08-05 16:10:43.200 [info] > git rev-parse --show-toplevel [2ms]
2023-08-05 16:10:43.206 [info] > git rev-parse --git-dir --git-common-dir [2ms]
2023-08-05 16:10:43.222 [info] Open repository: /home/ubuntu
2023-08-05 16:10:43.236 [info] No remotes found in the git config file.
2023-08-05 16:10:43.238 [info] > git config --get commit.template [8ms]
2023-08-05 16:10:43.244 [info] > git for-each-ref --format=%(refname)%00%(upstream:short)%00%(objectname)%00%(upstream:track)%00%(upstream:remotename)%00%(upstream:remoteref) refs/heads/master refs/remotes/master [9ms]
2023-08-05 16:10:43.372 [info] > git status -z -uall [123ms]
2023-08-05 16:10:43.428 [info] No remotes found in the git config file.
2023-08-05 16:10:43.429 [info] > git config --get commit.template [6ms]
2023-08-05 16:10:43.430 [info] > git for-each-ref --format=%(refname)%00%(upstream:short)%00%(objectname)%00%(upstream:track)%00%(upstream:remotename)%00%(upstream:remoteref) refs/heads/master refs/remotes/master [2ms]
2023-08-05 16:10:43.455 [info] > git status -z -uall [22ms]
2023-08-05 16:10:43.985 [info] > git check-ignore -v -z --stdin [34ms]
2023-08-05 16:10:44.560 [info] > git show --textconv :ansible-lab/inventory.ini [79ms]
2023-08-05 16:10:44.562 [info] > git show --textconv :ansible-lab/ansible.cfg [77ms]
2023-08-05 16:10:44.563 [info] > git show --textconv :ansible-lab/lamp-setup.yaml [73ms]
2023-08-05 16:10:44.563 [info] > git show --textconv :ansible-lab/ebs-keypair.pem [69ms]
2023-08-05 16:10:44.563 [info] > git show --textconv :ansible-lab/lab2/playbook-01.yaml [64ms]
2023-08-05 16:10:44.563 [info] > git show --textconv :ansible-lab/lab2/control-flow.yaml [60ms]
2023-08-05 16:10:44.563 [info] > git show --textconv :ansible-lab/lab2/uninstall.yaml [56ms]
2023-08-05 16:10:44.564 [info] > git show --textconv :ansible-lab/aws_ec2.yaml [52ms]
2023-08-05 16:10:44.564 [info] > git show --textconv :ansible-lab/ping.yaml [48ms]
2023-08-05 16:10:44.564 [info] > git ls-files --stage -- /home/ubuntu/ansible-lab/aws_ec2.yaml [11ms]
2023-08-05 16:10:44.566 [info] > git ls-files --stage -- /home/ubuntu/ansible-lab/lab2/uninstall.yaml [18ms]
2023-08-05 16:10:44.566 [info] > git ls-files --stage -- /home/ubuntu/ansible-lab/lab2/control-flow.yaml [24ms]
2023-08-05 16:10:44.567 [info] > git ls-files --stage -- /home/ubuntu/ansible-lab/lab2/playbook-01.yaml [30ms]
2023-08-05 16:10:44.567 [info] > git ls-files --stage -- /home/ubuntu/ansible-lab/ebs-keypair.pem [34ms]
2023-08-05 16:10:44.568 [info] > git ls-files --stage -- /home/ubuntu/ansible-lab/lamp-setup.yaml [39ms]
2023-08-05 16:10:44.568 [info] > git ls-files --stage -- /home/ubuntu/ansible-lab/ansible.cfg [43ms]
2023-08-05 16:10:44.569 [info] > git ls-files --stage -- /home/ubuntu/ansible-lab/inventory.ini [48ms]
2023-08-05 16:10:44.573 [info] > git ls-files --stage -- /home/ubuntu/ansible-lab/ping.yaml [15ms]
2023-08-05 16:10:46.682 [info] No remotes found in the git config file.
2023-08-05 16:10:46.683 [info] > git config --get commit.template [5ms]
2023-08-05 16:10:46.684 [info] > git for-each-ref --format=%(refname)%00%(upstream:short)%00%(objectname)%00%(upstream:track)%00%(upstream:remotename)%00%(upstream:remoteref) refs/heads/master refs/remotes/master [2ms]
2023-08-05 16:10:46.703 [info] > git status -z -uall [16ms]
2023-08-05 16:11:25.521 [info] No remotes found in the git config file.
2023-08-05 16:11:25.522 [info] > git config --get commit.template [5ms]
2023-08-05 16:11:25.523 [info] > git for-each-ref --format=%(refname)%00%(upstream:short)%00%(objectname)%00%(upstream:track)%00%(upstream:remotename)%00%(upstream:remoteref) refs/heads/master refs/remotes/master [2ms]
2023-08-05 16:11:25.544 [info] > git status -z -uall [18ms]
2023-08-05 16:11:30.579 [info] No remotes found in the git config file.
2023-08-05 16:11:30.580 [info] > git config --get commit.template [6ms]
2023-08-05 16:11:30.581 [info] > git for-each-ref --format=%(refname)%00%(upstream:short)%00%(objectname)%00%(upstream:track)%00%(upstream:remotename)%00%(upstream:remoteref) refs/heads/master refs/remotes/master [2ms]
2023-08-05 16:11:30.600 [info] > git status -z -uall [15ms]
2023-08-05 16:11:35.641 [info] No remotes found in the git config file.
2023-08-05 16:11:35.642 [info] > git config --get commit.template [5ms]
2023-08-05 16:11:35.643 [info] > git for-each-ref --format=%(refname)%00%(upstream:short)%00%(objectname)%00%(upstream:track)%00%(upstream:remotename)%00%(upstream:remoteref) refs/heads/master refs/remotes/master [2ms]
2023-08-05 16:11:35.666 [info] > git status -z -uall [20ms]
2023-08-05 16:11:47.412 [info] No remotes found in the git config file.
2023-08-05 16:11:47.413 [info] > git config --get commit.template [6ms]
2023-08-05 16:11:47.415 [info] > git for-each-ref --format=%(refname)%00%(upstream:short)%00%(objectname)%00%(upstream:track)%00%(upstream:remotename)%00%(upstream:remoteref) refs/heads/master refs/remotes/master [2ms]
2023-08-05 16:11:47.435 [info] > git status -z -uall [16ms]
2023-08-05 16:11:51.166 [info] > git ls-files --stage -- /home/ubuntu/ansible-lab/aws_ec2.yaml [5ms]
2023-08-05 16:11:51.167 [info] > git ls-files --stage -- /home/ubuntu/ansible-lab/lab2/uninstall.yaml [11ms]
2023-08-05 16:11:51.168 [info] > git ls-files --stage -- /home/ubuntu/ansible-lab/lab2/control-flow.yaml [16ms]
2023-08-05 16:11:51.168 [info] > git ls-files --stage -- /home/ubuntu/ansible-lab/lab2/playbook-01.yaml [21ms]
2023-08-05 16:11:51.170 [info] > git ls-files --stage -- /home/ubuntu/ansible-lab/ebs-keypair.pem [27ms]
2023-08-05 16:11:51.170 [info] > git ls-files --stage -- /home/ubuntu/ansible-lab/lamp-setup.yaml [31ms]
2023-08-05 16:11:51.171 [info] > git ls-files --stage -- /home/ubuntu/ansible-lab/ansible.cfg [37ms]
2023-08-05 16:11:51.171 [info] > git ls-files --stage -- /home/ubuntu/ansible-lab/inventory.ini [42ms]
2023-08-05 16:11:51.172 [info] > git ls-files --stage -- /home/ubuntu/ansible-lab/ping.yaml [7ms]
2023-08-05 16:11:51.253 [info] > git show --textconv :ansible-lab/aws_ec2.yaml [33ms]
2023-08-05 16:11:51.253 [info] > git show --textconv :ansible-lab/lab2/uninstall.yaml [28ms]
2023-08-05 16:11:51.254 [info] > git show --textconv :ansible-lab/lab2/control-flow.yaml [24ms]
2023-08-05 16:11:51.254 [info] > git show --textconv :ansible-lab/lab2/playbook-01.yaml [21ms]
2023-08-05 16:11:51.254 [info] > git show --textconv :ansible-lab/ebs-keypair.pem [16ms]
2023-08-05 16:11:51.254 [info] > git show --textconv :ansible-lab/lamp-setup.yaml [12ms]
2023-08-05 16:11:51.254 [info] > git show --textconv :ansible-lab/ansible.cfg [7ms]
2023-08-05 16:11:51.258 [info] > git show --textconv :ansible-lab/inventory.ini [6ms]
2023-08-05 16:11:51.265 [info] > git show --textconv :ansible-lab/ping.yaml [3ms]
2023-08-05 16:11:52.473 [info] No remotes found in the git config file.
2023-08-05 16:11:52.474 [info] > git config --get commit.template [6ms]
2023-08-05 16:11:52.475 [info] > git for-each-ref --format=%(refname)%00%(upstream:short)%00%(objectname)%00%(upstream:track)%00%(upstream:remotename)%00%(upstream:remoteref) refs/heads/master refs/remotes/master [2ms]
2023-08-05 16:11:52.495 [info] > git status -z -uall [17ms]
2023-08-05 16:12:04.123 [info] No remotes found in the git config file.
2023-08-05 16:12:04.123 [info] > git config --get commit.template [5ms]
2023-08-05 16:12:04.126 [info] > git for-each-ref --format=%(refname)%00%(upstream:short)%00%(objectname)%00%(upstream:track)%00%(upstream:remotename)%00%(upstream:remoteref) refs/heads/master refs/remotes/master [3ms]
2023-08-05 16:12:04.146 [info] > git status -z -uall [16ms]
2023-08-05 16:12:07.882 [info] > git ls-files --stage -- /home/ubuntu/ansible-lab/aws_ec2.yaml [6ms]
2023-08-05 16:12:07.883 [info] > git ls-files --stage -- /home/ubuntu/ansible-lab/lab2/uninstall.yaml [11ms]
2023-08-05 16:12:07.883 [info] > git ls-files --stage -- /home/ubuntu/ansible-lab/lab2/control-flow.yaml [15ms]
2023-08-05 16:12:07.884 [info] > git ls-files --stage -- /home/ubuntu/ansible-lab/lab2/playbook-01.yaml [21ms]
2023-08-05 16:12:07.884 [info] > git ls-files --stage -- /home/ubuntu/ansible-lab/ebs-keypair.pem [25ms]
2023-08-05 16:12:07.885 [info] > git ls-files --stage -- /home/ubuntu/ansible-lab/lamp-setup.yaml [30ms]
2023-08-05 16:12:07.886 [info] > git ls-files --stage -- /home/ubuntu/ansible-lab/ansible.cfg [36ms]
2023-08-05 16:12:07.886 [info] > git ls-files --stage -- /home/ubuntu/ansible-lab/inventory.ini [40ms]
2023-08-05 16:12:07.904 [info] > git ls-files --stage -- /home/ubuntu/ansible-lab/ping.yaml [23ms]
2023-08-05 16:12:07.995 [info] > git show --textconv :ansible-lab/aws_ec2.yaml [33ms]
2023-08-05 16:12:07.996 [info] > git show --textconv :ansible-lab/lab2/uninstall.yaml [28ms]
2023-08-05 16:12:07.996 [info] > git show --textconv :ansible-lab/lab2/control-flow.yaml [25ms]
2023-08-05 16:12:07.996 [info] > git show --textconv :ansible-lab/lab2/playbook-01.yaml [20ms]
2023-08-05 16:12:07.996 [info] > git show --textconv :ansible-lab/ebs-keypair.pem [16ms]
2023-08-05 16:12:07.996 [info] > git show --textconv :ansible-lab/lamp-setup.yaml [11ms]
2023-08-05 16:12:07.996 [info] > git show --textconv :ansible-lab/ansible.cfg [6ms]
2023-08-05 16:12:08.001 [info] > git show --textconv :ansible-lab/inventory.ini [6ms]
2023-08-05 16:12:08.008 [info] > git show --textconv :ansible-lab/ping.yaml [2ms]
2023-08-05 16:12:18.287 [info] No remotes found in the git config file.
2023-08-05 16:12:18.288 [info] > git config --get commit.template [5ms]
2023-08-05 16:12:18.289 [info] > git for-each-ref --format=%(refname)%00%(upstream:short)%00%(objectname)%00%(upstream:track)%00%(upstream:remotename)%00%(upstream:remoteref) refs/heads/main refs/remotes/main [2ms]
2023-08-05 16:12:18.306 [info] > git status -z -uall [14ms]
2023-08-05 16:12:23.347 [info] > git config --get commit.template [6ms]
2023-08-05 16:12:23.350 [info] > git for-each-ref --format=%(refname)%00%(upstream:short)%00%(objectname)%00%(upstream:track)%00%(upstream:remotename)%00%(upstream:remoteref) refs/heads/main refs/remotes/main [4ms]
2023-08-05 16:12:23.368 [info] > git status -z -uall [15ms]
2023-08-05 16:12:24.068 [info] > git ls-files --stage -- /home/ubuntu/ansible-lab/aws_ec2.yaml [6ms]
2023-08-05 16:12:24.069 [info] > git ls-files --stage -- /home/ubuntu/ansible-lab/lab2/uninstall.yaml [11ms]
2023-08-05 16:12:24.069 [info] > git ls-files --stage -- /home/ubuntu/ansible-lab/lab2/control-flow.yaml [15ms]
2023-08-05 16:12:24.071 [info] > git ls-files --stage -- /home/ubuntu/ansible-lab/lab2/playbook-01.yaml [21ms]
2023-08-05 16:12:24.071 [info] > git ls-files --stage -- /home/ubuntu/ansible-lab/ebs-keypair.pem [25ms]
2023-08-05 16:12:24.072 [info] > git ls-files --stage -- /home/ubuntu/ansible-lab/lamp-setup.yaml [30ms]
2023-08-05 16:12:24.072 [info] > git ls-files --stage -- /home/ubuntu/ansible-lab/ansible.cfg [34ms]
2023-08-05 16:12:24.073 [info] > git ls-files --stage -- /home/ubuntu/ansible-lab/inventory.ini [40ms]
2023-08-05 16:12:24.074 [info] > git ls-files --stage -- /home/ubuntu/ansible-lab/ping.yaml [8ms]
2023-08-05 16:12:24.150 [info] > git show --textconv :ansible-lab/aws_ec2.yaml [31ms]
2023-08-05 16:12:24.150 [info] > git show --textconv :ansible-lab/lab2/uninstall.yaml [28ms]
2023-08-05 16:12:24.150 [info] > git show --textconv :ansible-lab/lab2/control-flow.yaml [23ms]
2023-08-05 16:12:24.150 [info] > git show --textconv :ansible-lab/lab2/playbook-01.yaml [19ms]
2023-08-05 16:12:24.150 [info] > git show --textconv :ansible-lab/ebs-keypair.pem [15ms]
2023-08-05 16:12:24.151 [info] > git show --textconv :ansible-lab/lamp-setup.yaml [12ms]
2023-08-05 16:12:24.151 [info] > git show --textconv :ansible-lab/ansible.cfg [7ms]
2023-08-05 16:12:24.155 [info] > git show --textconv :ansible-lab/inventory.ini [7ms]
2023-08-05 16:12:24.162 [info] > git show --textconv :ansible-lab/ping.yaml [3ms]
2023-08-05 16:12:35.430 [info] > git config --get commit.template [6ms]
2023-08-05 16:12:35.432 [info] > git for-each-ref --format=%(refname)%00%(upstream:short)%00%(objectname)%00%(upstream:track)%00%(upstream:remotename)%00%(upstream:remoteref) refs/heads/main refs/remotes/main [3ms]
2023-08-05 16:12:35.451 [info] > git status -z -uall [16ms]
2023-08-05 16:12:40.491 [info] > git config --get commit.template [6ms]
2023-08-05 16:12:40.492 [info] > git for-each-ref --format=%(refname)%00%(upstream:short)%00%(objectname)%00%(upstream:track)%00%(upstream:remotename)%00%(upstream:remoteref) refs/heads/main refs/remotes/main [2ms]
2023-08-05 16:12:40.532 [info] > git status -z -uall [35ms]
2023-08-05 16:12:45.599 [info] > git config --get commit.template [5ms]
2023-08-05 16:12:45.600 [info] > git for-each-ref --format=%(refname)%00%(upstream:short)%00%(objectname)%00%(upstream:track)%00%(upstream:remotename)%00%(upstream:remoteref) refs/heads/main refs/remotes/main [2ms]
2023-08-05 16:12:45.618 [info] > git status -z -uall [14ms]
2023-08-05 16:13:14.853 [info] > git config --get commit.template [6ms]
2023-08-05 16:13:14.855 [info] > git for-each-ref --format=%(refname)%00%(upstream:short)%00%(objectname)%00%(upstream:track)%00%(upstream:remotename)%00%(upstream:remoteref) refs/heads/main refs/remotes/main [3ms]
2023-08-05 16:13:14.873 [info] > git status -z -uall [15ms]
2023-08-05 16:13:19.917 [info] > git config --get commit.template [5ms]
2023-08-05 16:13:19.918 [info] > git for-each-ref --format=%(refname)%00%(upstream:short)%00%(objectname)%00%(upstream:track)%00%(upstream:remotename)%00%(upstream:remoteref) refs/heads/main refs/remotes/main [2ms]
2023-08-05 16:13:19.970 [info] > git status -z -uall [49ms]
2023-08-05 16:13:25.018 [info] > git config --get commit.template [6ms]
2023-08-05 16:13:25.019 [info] > git for-each-ref --format=%(refname)%00%(upstream:short)%00%(objectname)%00%(upstream:track)%00%(upstream:remotename)%00%(upstream:remoteref) refs/heads/main refs/remotes/main [2ms]
2023-08-05 16:13:25.069 [info] > git status -z -uall [46ms]
2023-08-05 16:16:58.997 [info] > git config --get commit.template [5ms]
2023-08-05 16:16:58.999 [info] > git for-each-ref --format=%(refname)%00%(upstream:short)%00%(objectname)%00%(upstream:track)%00%(upstream:remotename)%00%(upstream:remoteref) refs/heads/main refs/remotes/main [2ms]
2023-08-05 16:16:59.017 [info] > git status -z -uall [14ms]
2023-08-05 16:17:04.052 [info] > git config --get commit.template [6ms]
2023-08-05 16:17:04.055 [info] > git for-each-ref --format=%(refname)%00%(upstream:short)%00%(objectname)%00%(upstream:track)%00%(upstream:remotename)%00%(upstream:remoteref) refs/heads/main refs/remotes/main [3ms]
2023-08-05 16:17:04.086 [info] > git status -z -uall [23ms]
2023-08-05 16:17:04.713 [info] > git ls-files --stage -- /home/ubuntu/ansible-lab/aws_ec2.yaml [7ms]
2023-08-05 16:17:04.714 [info] > git ls-files --stage -- /home/ubuntu/ansible-lab/lab2/uninstall.yaml [12ms]
2023-08-05 16:17:04.715 [info] > git ls-files --stage -- /home/ubuntu/ansible-lab/lab2/control-flow.yaml [18ms]
2023-08-05 16:17:04.716 [info] > git ls-files --stage -- /home/ubuntu/ansible-lab/lab2/playbook-01.yaml [23ms]
2023-08-05 16:17:04.716 [info] > git ls-files --stage -- /home/ubuntu/ansible-lab/ebs-keypair.pem [28ms]
2023-08-05 16:17:04.717 [info] > git ls-files --stage -- /home/ubuntu/ansible-lab/lamp-setup.yaml [34ms]
2023-08-05 16:17:04.717 [info] > git ls-files --stage -- /home/ubuntu/ansible-lab/ansible.cfg [39ms]
2023-08-05 16:17:04.718 [info] > git ls-files --stage -- /home/ubuntu/ansible-lab/inventory.ini [45ms]
2023-08-05 16:17:04.718 [info] > git ls-files --stage -- /home/ubuntu/ansible-lab/ping.yaml [8ms]
2023-08-05 16:17:04.805 [info] > git show --textconv :ansible-lab/aws_ec2.yaml [36ms]
2023-08-05 16:17:04.805 [info] > git show --textconv :ansible-lab/lab2/uninstall.yaml [32ms]
2023-08-05 16:17:04.805 [info] > git show --textconv :ansible-lab/lab2/control-flow.yaml [27ms]
2023-08-05 16:17:04.805 [info] > git show --textconv :ansible-lab/lab2/playbook-01.yaml [22ms]
2023-08-05 16:17:04.805 [info] > git show --textconv :ansible-lab/ebs-keypair.pem [18ms]
2023-08-05 16:17:04.805 [info] > git show --textconv :ansible-lab/lamp-setup.yaml [14ms]
2023-08-05 16:17:04.806 [info] > git show --textconv :ansible-lab/ansible.cfg [8ms]
2023-08-05 16:17:04.810 [info] > git show --textconv :ansible-lab/inventory.ini [7ms]
2023-08-05 16:17:04.816 [info] > git show --textconv :ansible-lab/ping.yaml [2ms]
2023-08-05 16:17:05.729 [info] > git ls-files --stage -- /home/ubuntu/ansible-lab/aws_ec2.yaml [6ms]
2023-08-05 16:17:05.730 [info] > git ls-files --stage -- /home/ubuntu/ansible-lab/lab2/uninstall.yaml [12ms]
2023-08-05 16:17:05.730 [info] > git ls-files --stage -- /home/ubuntu/ansible-lab/lab2/control-flow.yaml [16ms]
2023-08-05 16:17:05.731 [info] > git ls-files --stage -- /home/ubuntu/ansible-lab/lab2/playbook-01.yaml [22ms]
2023-08-05 16:17:05.732 [info] > git ls-files --stage -- /home/ubuntu/ansible-lab/ebs-keypair.pem [28ms]
2023-08-05 16:17:05.732 [info] > git ls-files --stage -- /home/ubuntu/ansible-lab/lamp-setup.yaml [32ms]
2023-08-05 16:17:05.733 [info] > git ls-files --stage -- /home/ubuntu/ansible-lab/ansible.cfg [38ms]
2023-08-05 16:17:05.734 [info] > git ls-files --stage -- /home/ubuntu/ansible-lab/inventory.ini [44ms]
2023-08-05 16:17:05.734 [info] > git ls-files --stage -- /home/ubuntu/ansible-lab/ping.yaml [7ms]
2023-08-05 16:17:05.811 [info] > git show --textconv :ansible-lab/aws_ec2.yaml [40ms]
2023-08-05 16:17:05.811 [info] > git show --textconv :ansible-lab/lab2/uninstall.yaml [35ms]
2023-08-05 16:17:05.811 [info] > git show --textconv :ansible-lab/lab2/control-flow.yaml [30ms]
2023-08-05 16:17:05.812 [info] > git show --textconv :ansible-lab/lab2/playbook-01.yaml [26ms]
2023-08-05 16:17:05.812 [info] > git show --textconv :ansible-lab/ebs-keypair.pem [21ms]
2023-08-05 16:17:05.812 [info] > git show --textconv :ansible-lab/lamp-setup.yaml [16ms]
2023-08-05 16:17:05.812 [info] > git show --textconv :ansible-lab/ansible.cfg [10ms]
2023-08-05 16:17:05.825 [info] > git show --textconv :ansible-lab/inventory.ini [17ms]
2023-08-05 16:17:05.842 [info] > git show --textconv :ansible-lab/ping.yaml [4ms]
2023-08-05 16:17:09.131 [info] > git config --get commit.template [5ms]
2023-08-05 16:17:09.133 [info] > git for-each-ref --format=%(refname)%00%(upstream:short)%00%(objectname)%00%(upstream:track)%00%(upstream:remotename)%00%(upstream:remoteref) refs/heads/main refs/remotes/main [2ms]
2023-08-05 16:17:09.188 [info] > git status -z -uall [51ms]
2023-08-05 16:17:14.236 [info] > git config --get commit.template [6ms]
2023-08-05 16:17:14.238 [info] > git for-each-ref --format=%(refname)%00%(upstream:short)%00%(objectname)%00%(upstream:track)%00%(upstream:remotename)%00%(upstream:remoteref) refs/heads/main refs/remotes/main [3ms]
2023-08-05 16:17:14.300 [info] > git status -z -uall [58ms]
2023-08-05 16:17:19.341 [info] > git config --get commit.template [6ms]
2023-08-05 16:17:19.343 [info] > git for-each-ref --format=%(refname)%00%(upstream:short)%00%(objectname)%00%(upstream:track)%00%(upstream:remotename)%00%(upstream:remoteref) refs/heads/main refs/remotes/main [3ms]
2023-08-05 16:17:19.361 [info] > git status -z -uall [15ms]
2023-08-05 16:17:24.426 [info] > git for-each-ref --format=%(refname)%00%(upstream:short)%00%(objectname)%00%(upstream:track)%00%(upstream:remotename)%00%(upstream:remoteref) refs/heads/main refs/remotes/main [1ms]
2023-08-05 16:17:24.427 [info] > git config --get commit.template [44ms]
2023-08-05 16:17:24.479 [info] > git status -z -uall [32ms]
2023-08-05 16:17:29.508 [info] > git config --get commit.template [5ms]
2023-08-05 16:17:29.510 [info] > git for-each-ref --format=%(refname)%00%(upstream:short)%00%(objectname)%00%(upstream:track)%00%(upstream:remotename)%00%(upstream:remoteref) refs/heads/main refs/remotes/main [2ms]
2023-08-05 16:17:29.563 [info] > git status -z -uall [49ms]
2023-08-05 16:17:34.609 [info] > git config --get commit.template [6ms]
2023-08-05 16:17:34.611 [info] > git for-each-ref --format=%(refname)%00%(upstream:short)%00%(objectname)%00%(upstream:track)%00%(upstream:remotename)%00%(upstream:remoteref) refs/heads/main refs/remotes/main [3ms]
2023-08-05 16:17:34.629 [info] > git status -z -uall [14ms]
2023-08-05 16:17:39.664 [info] > git config --get commit.template [6ms]
2023-08-05 16:17:39.666 [info] > git for-each-ref --format=%(refname)%00%(upstream:short)%00%(objectname)%00%(upstream:track)%00%(upstream:remotename)%00%(upstream:remoteref) refs/heads/main refs/remotes/main [3ms]
2023-08-05 16:17:39.683 [info] > git status -z -uall [14ms]
2023-08-05 16:17:44.718 [info] > git config --get commit.template [6ms]
2023-08-05 16:17:44.720 [info] > git for-each-ref --format=%(refname)%00%(upstream:short)%00%(objectname)%00%(upstream:track)%00%(upstream:remotename)%00%(upstream:remoteref) refs/heads/main refs/remotes/main [3ms]
2023-08-05 16:17:44.772 [info] > git status -z -uall [48ms]
2023-08-05 16:17:49.819 [info] > git config --get commit.template [5ms]
2023-08-05 16:17:49.821 [info] > git for-each-ref --format=%(refname)%00%(upstream:short)%00%(objectname)%00%(upstream:track)%00%(upstream:remotename)%00%(upstream:remoteref) refs/heads/main refs/remotes/main [3ms]
2023-08-05 16:17:49.838 [info] > git status -z -uall [14ms]
2023-08-05 16:17:54.869 [info] > git config --get commit.template [5ms]
2023-08-05 16:17:54.871 [info] > git for-each-ref --format=%(refname)%00%(upstream:short)%00%(objectname)%00%(upstream:track)%00%(upstream:remotename)%00%(upstream:remoteref) refs/heads/main refs/remotes/main [2ms]
2023-08-05 16:17:54.888 [info] > git status -z -uall [14ms]
2023-08-05 16:17:59.919 [info] > git config --get commit.template [5ms]
2023-08-05 16:17:59.921 [info] > git for-each-ref --format=%(refname)%00%(upstream:short)%00%(objectname)%00%(upstream:track)%00%(upstream:remotename)%00%(upstream:remoteref) refs/heads/main refs/remotes/main [2ms]
2023-08-05 16:17:59.939 [info] > git status -z -uall [14ms]
2023-08-05 16:18:04.971 [info] > git config --get commit.template [5ms]
2023-08-05 16:18:04.973 [info] > git for-each-ref --format=%(refname)%00%(upstream:short)%00%(objectname)%00%(upstream:track)%00%(upstream:remotename)%00%(upstream:remoteref) refs/heads/main refs/remotes/main [2ms]
2023-08-05 16:18:05.022 [info] > git status -z -uall [45ms]
2023-08-05 16:18:10.076 [info] > git config --get commit.template [6ms]
2023-08-05 16:18:10.078 [info] > git for-each-ref --format=%(refname)%00%(upstream:short)%00%(objectname)%00%(upstream:track)%00%(upstream:remotename)%00%(upstream:remoteref) refs/heads/main refs/remotes/main [3ms]
2023-08-05 16:18:10.095 [info] > git status -z -uall [14ms]
2023-08-05 16:18:15.141 [info] > git config --get commit.template [22ms]
2023-08-05 16:18:15.161 [info] > git for-each-ref --format=%(refname)%00%(upstream:short)%00%(objectname)%00%(upstream:track)%00%(upstream:remotename)%00%(upstream:remoteref) refs/heads/main refs/remotes/main [37ms]
2023-08-05 16:18:15.211 [info] > git status -z -uall [31ms]
2023-08-05 16:18:20.257 [info] > git config --get commit.template [20ms]
2023-08-05 16:18:20.281 [info] > git for-each-ref --format=%(refname)%00%(upstream:short)%00%(objectname)%00%(upstream:track)%00%(upstream:remotename)%00%(upstream:remoteref) refs/heads/main refs/remotes/main [39ms]
2023-08-05 16:18:20.325 [info] > git status -z -uall [30ms]
2023-08-05 16:18:25.354 [info] > git config --get commit.template [5ms]
2023-08-05 16:18:25.356 [info] > git for-each-ref --format=%(refname)%00%(upstream:short)%00%(objectname)%00%(upstream:track)%00%(upstream:remotename)%00%(upstream:remoteref) refs/heads/main refs/remotes/main [2ms]
2023-08-05 16:18:25.395 [info] > git status -z -uall [35ms]
2023-08-05 16:18:30.462 [info] > git config --get commit.template [5ms]
2023-08-05 16:18:30.464 [info] > git for-each-ref --format=%(refname)%00%(upstream:short)%00%(objectname)%00%(upstream:track)%00%(upstream:remotename)%00%(upstream:remoteref) refs/heads/main refs/remotes/main [3ms]
2023-08-05 16:18:30.481 [info] > git status -z -uall [14ms]
2023-08-05 16:18:32.183 [info] > git ls-files --stage -- /home/ubuntu/ansible-lab/aws_ec2.yaml [5ms]
2023-08-05 16:18:32.184 [info] > git ls-files --stage -- /home/ubuntu/ansible-lab/lab2/uninstall.yaml [11ms]
2023-08-05 16:18:32.185 [info] > git ls-files --stage -- /home/ubuntu/ansible-lab/lab2/control-flow.yaml [16ms]
2023-08-05 16:18:32.185 [info] > git ls-files --stage -- /home/ubuntu/ansible-lab/lab2/playbook-01.yaml [20ms]
2023-08-05 16:18:32.187 [info] > git ls-files --stage -- /home/ubuntu/ansible-lab/ebs-keypair.pem [26ms]
2023-08-05 16:18:32.187 [info] > git ls-files --stage -- /home/ubuntu/ansible-lab/lamp-setup.yaml [31ms]
2023-08-05 16:18:32.187 [info] > git ls-files --stage -- /home/ubuntu/ansible-lab/ansible.cfg [35ms]
2023-08-05 16:18:32.188 [info] > git ls-files --stage -- /home/ubuntu/ansible-lab/inventory.ini [41ms]
2023-08-05 16:18:32.189 [info] > git ls-files --stage -- /home/ubuntu/ansible-lab/ping.yaml [7ms]
2023-08-05 16:18:32.262 [info] > git show --textconv :ansible-lab/aws_ec2.yaml [33ms]
2023-08-05 16:18:32.263 [info] > git show --textconv :ansible-lab/lab2/uninstall.yaml [29ms]
2023-08-05 16:18:32.263 [info] > git show --textconv :ansible-lab/lab2/control-flow.yaml [24ms]
2023-08-05 16:18:32.263 [info] > git show --textconv :ansible-lab/lab2/playbook-01.yaml [20ms]
2023-08-05 16:18:32.263 [info] > git show --textconv :ansible-lab/ebs-keypair.pem [16ms]
2023-08-05 16:18:32.263 [info] > git show --textconv :ansible-lab/lamp-setup.yaml [11ms]
2023-08-05 16:18:32.264 [info] > git show --textconv :ansible-lab/ansible.cfg [7ms]
2023-08-05 16:18:32.272 [info] > git show --textconv :ansible-lab/inventory.ini [11ms]
2023-08-05 16:18:32.274 [info] > git show --textconv :ansible-lab/ping.yaml [3ms]
2023-08-05 16:18:40.754 [info] > git config --get commit.template [6ms]
2023-08-05 16:18:40.756 [info] > git for-each-ref --format=%(refname)%00%(upstream:short)%00%(objectname)%00%(upstream:track)%00%(upstream:remotename)%00%(upstream:remoteref) refs/heads/main refs/remotes/main [3ms]
2023-08-05 16:18:40.773 [info] > git status -z -uall [14ms]
2023-08-05 16:18:45.816 [info] > git config --get commit.template [6ms]
2023-08-05 16:18:45.819 [info] > git for-each-ref --format=%(refname)%00%(upstream:short)%00%(objectname)%00%(upstream:track)%00%(upstream:remotename)%00%(upstream:remoteref) refs/heads/main refs/remotes/main [4ms]
2023-08-05 16:18:45.850 [info] > git status -z -uall [27ms]
