2023-08-05 10:39:39.150 [info] Extension host with pid 6466 started
2023-08-05 10:39:39.174 [info] Lock '/home/ubuntu/.vscode-server/data/User/workspaceStorage/3dc5c47324185fc1a08eeedade936a9e/vscode.lock': Lock acquired.
2023-08-05 10:39:39.992 [info] ExtensionService#_doActivateExtension vscode.git-base, startup: false, activationEvent: '*'
2023-08-05 10:39:40.442 [info] ExtensionService#_doActivateExtension vscode.github, startup: false, activationEvent: '*'
2023-08-05 10:39:41.583 [info] Eager extensions activated
2023-08-05 10:39:41.583 [info] ExtensionService#_doActivateExtension vscode.debug-auto-launch, startup: false, activationEvent: 'onStartupFinished'
2023-08-05 10:39:41.584 [info] ExtensionService#_doActivateExtension vscode.merge-conflict, startup: false, activationEvent: 'onStartupFinished'
2023-08-05 10:39:44.722 [info] ExtensionService#_doActivateExtension vscode.git, startup: false, activationEvent: 'api', root cause: vscode.github
2023-08-05 10:39:45.438 [info] ExtensionService#_doActivateExtension vscode.emmet, startup: false, activationEvent: 'onLanguage'
2023-08-05 10:52:20.109 [info] ExtensionService#_doActivateExtension vscode.npm, startup: false, activationEvent: 'onTerminalQuickFixRequest:ms-vscode.npm-command'
2023-08-05 16:10:43.405 [warning] [Decorations] CAPPING events from decorations provider vscode.git 1379
2023-08-05 16:10:43.520 [warning] [Decorations] CAPPING events from decorations provider vscode.git 1379
2023-08-05 16:10:46.725 [warning] [Decorations] CAPPING events from decorations provider vscode.git 1379
2023-08-05 16:11:25.563 [warning] [Decorations] CAPPING events from decorations provider vscode.git 1379
2023-08-05 16:11:30.621 [warning] [Decorations] CAPPING events from decorations provider vscode.git 1379
2023-08-05 16:11:35.685 [warning] [Decorations] CAPPING events from decorations provider vscode.git 1379
2023-08-05 16:11:47.453 [warning] [Decorations] CAPPING events from decorations provider vscode.git 1379
2023-08-05 16:11:52.509 [warning] [Decorations] CAPPING events from decorations provider vscode.git 1379
2023-08-05 16:12:04.176 [warning] [Decorations] CAPPING events from decorations provider vscode.git 1379
2023-08-05 16:12:18.329 [warning] [Decorations] CAPPING events from decorations provider vscode.git 1379
2023-08-05 16:12:23.385 [warning] [Decorations] CAPPING events from decorations provider vscode.git 1379
2023-08-05 16:12:35.475 [warning] [Decorations] CAPPING events from decorations provider vscode.git 1379
2023-08-05 16:12:40.583 [warning] [Decorations] CAPPING events from decorations provider vscode.git 1379
2023-08-05 16:12:45.631 [warning] [Decorations] CAPPING events from decorations provider vscode.git 1379
2023-08-05 16:13:14.897 [warning] [Decorations] CAPPING events from decorations provider vscode.git 1379
2023-08-05 16:13:19.997 [warning] [Decorations] CAPPING events from decorations provider vscode.git 1379
2023-08-05 16:13:25.102 [warning] [Decorations] CAPPING events from decorations provider vscode.git 1379
2023-08-05 16:16:59.035 [warning] [Decorations] CAPPING events from decorations provider vscode.git 1379
2023-08-05 16:17:04.115 [warning] [Decorations] CAPPING events from decorations provider vscode.git 1379
2023-08-05 16:17:09.218 [warning] [Decorations] CAPPING events from decorations provider vscode.git 1379
2023-08-05 16:17:14.325 [warning] [Decorations] CAPPING events from decorations provider vscode.git 1379
2023-08-05 16:17:19.374 [warning] [Decorations] CAPPING events from decorations provider vscode.git 1379
2023-08-05 16:17:24.492 [warning] [Decorations] CAPPING events from decorations provider vscode.git 1379
2023-08-05 16:17:29.593 [warning] [Decorations] CAPPING events from decorations provider vscode.git 1379
2023-08-05 16:17:34.648 [warning] [Decorations] CAPPING events from decorations provider vscode.git 1379
2023-08-05 16:17:39.696 [warning] [Decorations] CAPPING events from decorations provider vscode.git 1379
2023-08-05 16:17:44.803 [warning] [Decorations] CAPPING events from decorations provider vscode.git 1379
2023-08-05 16:17:49.853 [warning] [Decorations] CAPPING events from decorations provider vscode.git 1379
2023-08-05 16:17:54.903 [warning] [Decorations] CAPPING events from decorations provider vscode.git 1379
2023-08-05 16:17:59.953 [warning] [Decorations] CAPPING events from decorations provider vscode.git 1379
2023-08-05 16:18:05.060 [warning] [Decorations] CAPPING events from decorations provider vscode.git 1379
2023-08-05 16:18:10.109 [warning] [Decorations] CAPPING events from decorations provider vscode.git 1379
2023-08-05 16:18:15.225 [warning] [Decorations] CAPPING events from decorations provider vscode.git 1379
2023-08-05 16:18:20.339 [warning] [Decorations] CAPPING events from decorations provider vscode.git 1379
2023-08-05 16:18:25.443 [warning] [Decorations] CAPPING events from decorations provider vscode.git 1379
2023-08-05 16:18:30.496 [warning] [Decorations] CAPPING events from decorations provider vscode.git 1379
2023-08-05 16:18:40.793 [warning] [Decorations] CAPPING events from decorations provider vscode.git 1379
2023-08-05 16:18:45.881 [warning] [Decorations] CAPPING events from decorations provider vscode.git 1379
