*
* Visual Studio Code Server
*
* By using the software, you agree to
* the Visual Studio Code Server License Terms (https://aka.ms/vscode-server-license) and
* the Microsoft Privacy Statement (https://privacy.microsoft.com/en-US/privacystatement).
*
Server bound to 127.0.0.1:33993 (IPv4)
Extension host agent listening on 33993

[10:39:02] 




[10:39:02] Extension host agent started.
[10:39:02] Started initializing default profile extensions in extensions installation folder. file:///home/ubuntu/.vscode-server/extensions
[10:39:02] Completed initializing default profile extensions in extensions installation folder. file:///home/ubuntu/.vscode-server/extensions
[10:39:03] [127.0.0.1][cfad51c3][ManagementConnection] New connection established.
[10:39:03] [127.0.0.1][345da729][ExtensionHostConnection] New connection established.
[10:39:03] [127.0.0.1][345da729][ExtensionHostConnection] <6284> Launched Extension Host Process.
[IPC Library: Pty Host]  WARN Shell integration cannot be enabled for executable "/bin/sh" and args [
  '-c',
  'wget --version > /dev/null\n' +
    'if [ $? -eq 0 ]\n' +
    'then\n' +
    "\twget --connect-timeout=7 --tries=1 --dns-timeout=7 -q --header='Metadata:true' -O - http://169.254.169.254/metadata/instance?api-version=2019-03-11\n" +
    'else\n' +
    '\tcurl --version > /dev/null\n' +
    '\tif [ $? -eq 0 ]\n' +
    '\tthen\n' +
    "\t\tcurl --connect-timeout 7 -s --header='Metadata:true' http://169.254.169.254/metadata/instance?api-version=2019-03-11\n" +
    '\tfi\n' +
    'fi\n' +
    'exit 0'
]
[IPC Library: Pty Host]  WARN Shell integration cannot be enabled for executable "/bin/sh" and args [
  '-c',
  'wget --version > /dev/null\n' +
    'if [ $? -eq 0 ]\n' +
    'then\n' +
    '\twget --connect-timeout=7 --tries=1 --dns-timeout=7 -q  -O - http://169.254.169.254/latest/meta-data/instance-id\n' +
    'else\n' +
    '\tcurl --version > /dev/null\n' +
    '\tif [ $? -eq 0 ]\n' +
    '\tthen\n' +
    '\t\tcurl --connect-timeout 7 -s  http://169.254.169.254/latest/meta-data/instance-id\n' +
    '\tfi\n' +
    'fi\n' +
    'exit 0'
]
[IPC Library: Pty Host]  WARN Shell integration cannot be enabled for executable "/bin/sh" and args [
  '-c',
  'wget --version > /dev/null\n' +
    'if [ $? -eq 0 ]\n' +
    'then\n' +
    '\twget --connect-timeout=7 --tries=1 --dns-timeout=7 -q  -O - http://169.254.169.254/metadata/v1/id\n' +
    'else\n' +
    '\tcurl --version > /dev/null\n' +
    '\tif [ $? -eq 0 ]\n' +
    '\tthen\n' +
    '\t\tcurl --connect-timeout 7 -s  http://169.254.169.254/metadata/v1/id\n' +
    '\tfi\n' +
    'fi\n' +
    'exit 0'
]
[IPC Library: Pty Host]  WARN Shell integration cannot be enabled for executable "/bin/sh" and args [
  '-c',
  'wget --version > /dev/null\n' +
    'if [ $? -eq 0 ]\n' +
    'then\n' +
    "\twget --connect-timeout=7 --tries=1 --dns-timeout=7 -q --header='Metadata-Flavor:Google' -O - http://metadata.google.internal/computeMetadata/v1/instance/id\n" +
    'else\n' +
    '\tcurl --version > /dev/null\n' +
    '\tif [ $? -eq 0 ]\n' +
    '\tthen\n' +
    "\t\tcurl --connect-timeout 7 -s --header='Metadata-Flavor:Google' http://metadata.google.internal/computeMetadata/v1/instance/id\n" +
    '\tfi\n' +
    'fi\n' +
    'exit 0'
]
[10:39:25] [127.0.0.1][cfad51c3][ManagementConnection] The client has disconnected gracefully, so the connection will be disposed.
[10:39:25] [127.0.0.1][345da729][ExtensionHostConnection] <6284> Extension Host Process exited with code: 0, signal: null.
Cancelling previous shutdown timeout
[10:39:25] Cancelling previous shutdown timeout
Last EH closed, waiting before shutting down
[10:39:25] Last EH closed, waiting before shutting down
Got delay-shutdown request while in shutdown timeout, delaying
[10:39:34] Got delay-shutdown request while in shutdown timeout, delaying
Cancelling previous shutdown timeout
[10:39:34] Cancelling previous shutdown timeout
[10:39:35] [127.0.0.1][19e56852][ManagementConnection] New connection established.
[10:39:35] [127.0.0.1][f118ceed][ExtensionHostConnection] New connection established.
[10:39:35] [127.0.0.1][f118ceed][ExtensionHostConnection] <6466> Launched Extension Host Process.
[IPC Library: Pty Host]  WARN Shell integration cannot be enabled for executable "/bin/sh" and args [
  '-c',
  'wget --version > /dev/null\n' +
    'if [ $? -eq 0 ]\n' +
    'then\n' +
    "\twget --connect-timeout=7 --tries=1 --dns-timeout=7 -q --header='Metadata:true' -O - http://169.254.169.254/metadata/instance?api-version=2019-03-11\n" +
    'else\n' +
    '\tcurl --version > /dev/null\n' +
    '\tif [ $? -eq 0 ]\n' +
    '\tthen\n' +
    "\t\tcurl --connect-timeout 7 -s --header='Metadata:true' http://169.254.169.254/metadata/instance?api-version=2019-03-11\n" +
    '\tfi\n' +
    'fi\n' +
    'exit 0'
]
[IPC Library: Pty Host]  WARN Shell integration cannot be enabled for executable "/bin/sh" and args [
  '-c',
  'wget --version > /dev/null\n' +
    'if [ $? -eq 0 ]\n' +
    'then\n' +
    '\twget --connect-timeout=7 --tries=1 --dns-timeout=7 -q  -O - http://169.254.169.254/latest/meta-data/instance-id\n' +
    'else\n' +
    '\tcurl --version > /dev/null\n' +
    '\tif [ $? -eq 0 ]\n' +
    '\tthen\n' +
    '\t\tcurl --connect-timeout 7 -s  http://169.254.169.254/latest/meta-data/instance-id\n' +
    '\tfi\n' +
    'fi\n' +
    'exit 0'
]
[IPC Library: Pty Host]  WARN Shell integration cannot be enabled for executable "/bin/sh" and args [
  '-c',
  'wget --version > /dev/null\n' +
    'if [ $? -eq 0 ]\n' +
    'then\n' +
    '\twget --connect-timeout=7 --tries=1 --dns-timeout=7 -q  -O - http://169.254.169.254/metadata/v1/id\n' +
    'else\n' +
    '\tcurl --version > /dev/null\n' +
    '\tif [ $? -eq 0 ]\n' +
    '\tthen\n' +
    '\t\tcurl --connect-timeout 7 -s  http://169.254.169.254/metadata/v1/id\n' +
    '\tfi\n' +
    'fi\n' +
    'exit 0'
]
[IPC Library: Pty Host]  WARN Shell integration cannot be enabled for executable "/bin/sh" and args [
  '-c',
  'wget --version > /dev/null\n' +
    'if [ $? -eq 0 ]\n' +
    'then\n' +
    "\twget --connect-timeout=7 --tries=1 --dns-timeout=7 -q --header='Metadata-Flavor:Google' -O - http://metadata.google.internal/computeMetadata/v1/instance/id\n" +
    'else\n' +
    '\tcurl --version > /dev/null\n' +
    '\tif [ $? -eq 0 ]\n' +
    '\tthen\n' +
    "\t\tcurl --connect-timeout 7 -s --header='Metadata-Flavor:Google' http://metadata.google.internal/computeMetadata/v1/instance/id\n" +
    '\tfi\n' +
    'fi\n' +
    'exit 0'
]
rejected promise not handled within 1 second: CodeExpectedError: Could not find pty on pty host
stack trace: CodeExpectedError: Could not find pty on pty host
    at g.O (/home/ubuntu/.vscode-server/bin/2ccd690cbff1569e4a83d7c43d45101f817401dc/out/vs/platform/terminal/node/ptyHostMain.js:28:7243)
    at g.updateIcon (/home/ubuntu/.vscode-server/bin/2ccd690cbff1569e4a83d7c43d45101f817401dc/out/vs/platform/terminal/node/ptyHostMain.js:28:2735)
    at g.Q.<computed> (/home/ubuntu/.vscode-server/bin/2ccd690cbff1569e4a83d7c43d45101f817401dc/out/vs/platform/terminal/node/ptyHostMain.js:27:22460)
    at Object.call (/home/ubuntu/.vscode-server/bin/2ccd690cbff1569e4a83d7c43d45101f817401dc/out/vs/platform/terminal/node/ptyHostMain.js:17:4866)
    at u.s (/home/ubuntu/.vscode-server/bin/2ccd690cbff1569e4a83d7c43d45101f817401dc/out/vs/platform/terminal/node/ptyHostMain.js:15:5150)
    at u.q (/home/ubuntu/.vscode-server/bin/2ccd690cbff1569e4a83d7c43d45101f817401dc/out/vs/platform/terminal/node/ptyHostMain.js:15:4661)
    at i.value (/home/ubuntu/.vscode-server/bin/2ccd690cbff1569e4a83d7c43d45101f817401dc/out/vs/platform/terminal/node/ptyHostMain.js:15:4066)
    at E.w (/home/ubuntu/.vscode-server/bin/2ccd690cbff1569e4a83d7c43d45101f817401dc/out/vs/platform/terminal/node/ptyHostMain.js:10:1902)
    at E.fire (/home/ubuntu/.vscode-server/bin/2ccd690cbff1569e4a83d7c43d45101f817401dc/out/vs/platform/terminal/node/ptyHostMain.js:10:2119)
    at process.G (/home/ubuntu/.vscode-server/bin/2ccd690cbff1569e4a83d7c43d45101f817401dc/out/vs/platform/terminal/node/ptyHostMain.js:8:27085)
    at process.emit (node:events:513:28)
    at emit (node:internal/child_process:939:14)
    at processTicksAndRejections (node:internal/process/task_queues:84:21)
[10:39:48] Error [CodeExpectedError]: Could not find pty on pty host
    at g.O (/home/ubuntu/.vscode-server/bin/2ccd690cbff1569e4a83d7c43d45101f817401dc/out/vs/platform/terminal/node/ptyHostMain.js:28:7243)
    at g.updateIcon (/home/ubuntu/.vscode-server/bin/2ccd690cbff1569e4a83d7c43d45101f817401dc/out/vs/platform/terminal/node/ptyHostMain.js:28:2735)
    at g.Q.<computed> (/home/ubuntu/.vscode-server/bin/2ccd690cbff1569e4a83d7c43d45101f817401dc/out/vs/platform/terminal/node/ptyHostMain.js:27:22460)
    at Object.call (/home/ubuntu/.vscode-server/bin/2ccd690cbff1569e4a83d7c43d45101f817401dc/out/vs/platform/terminal/node/ptyHostMain.js:17:4866)
    at u.s (/home/ubuntu/.vscode-server/bin/2ccd690cbff1569e4a83d7c43d45101f817401dc/out/vs/platform/terminal/node/ptyHostMain.js:15:5150)
    at u.q (/home/ubuntu/.vscode-server/bin/2ccd690cbff1569e4a83d7c43d45101f817401dc/out/vs/platform/terminal/node/ptyHostMain.js:15:4661)
    at i.value (/home/ubuntu/.vscode-server/bin/2ccd690cbff1569e4a83d7c43d45101f817401dc/out/vs/platform/terminal/node/ptyHostMain.js:15:4066)
    at E.w (/home/ubuntu/.vscode-server/bin/2ccd690cbff1569e4a83d7c43d45101f817401dc/out/vs/platform/terminal/node/ptyHostMain.js:10:1902)
    at E.fire (/home/ubuntu/.vscode-server/bin/2ccd690cbff1569e4a83d7c43d45101f817401dc/out/vs/platform/terminal/node/ptyHostMain.js:10:2119)
    at process.G (/home/ubuntu/.vscode-server/bin/2ccd690cbff1569e4a83d7c43d45101f817401dc/out/vs/platform/terminal/node/ptyHostMain.js:8:27085)
    at process.emit (node:events:513:28)
    at emit (node:internal/child_process:939:14)
    at processTicksAndRejections (node:internal/process/task_queues:84:21)
rejected promise not handled within 1 second: CodeExpectedError: Could not find pty on pty host
stack trace: CodeExpectedError: Could not find pty on pty host
    at g.O (/home/ubuntu/.vscode-server/bin/2ccd690cbff1569e4a83d7c43d45101f817401dc/out/vs/platform/terminal/node/ptyHostMain.js:28:7243)
    at g.updateTitle (/home/ubuntu/.vscode-server/bin/2ccd690cbff1569e4a83d7c43d45101f817401dc/out/vs/platform/terminal/node/ptyHostMain.js:28:2685)
    at g.Q.<computed> (/home/ubuntu/.vscode-server/bin/2ccd690cbff1569e4a83d7c43d45101f817401dc/out/vs/platform/terminal/node/ptyHostMain.js:27:22460)
    at Object.call (/home/ubuntu/.vscode-server/bin/2ccd690cbff1569e4a83d7c43d45101f817401dc/out/vs/platform/terminal/node/ptyHostMain.js:17:4866)
    at u.s (/home/ubuntu/.vscode-server/bin/2ccd690cbff1569e4a83d7c43d45101f817401dc/out/vs/platform/terminal/node/ptyHostMain.js:15:5150)
    at u.q (/home/ubuntu/.vscode-server/bin/2ccd690cbff1569e4a83d7c43d45101f817401dc/out/vs/platform/terminal/node/ptyHostMain.js:15:4661)
    at i.value (/home/ubuntu/.vscode-server/bin/2ccd690cbff1569e4a83d7c43d45101f817401dc/out/vs/platform/terminal/node/ptyHostMain.js:15:4066)
    at E.w (/home/ubuntu/.vscode-server/bin/2ccd690cbff1569e4a83d7c43d45101f817401dc/out/vs/platform/terminal/node/ptyHostMain.js:10:1902)
    at E.fire (/home/ubuntu/.vscode-server/bin/2ccd690cbff1569e4a83d7c43d45101f817401dc/out/vs/platform/terminal/node/ptyHostMain.js:10:2119)
    at process.G (/home/ubuntu/.vscode-server/bin/2ccd690cbff1569e4a83d7c43d45101f817401dc/out/vs/platform/terminal/node/ptyHostMain.js:8:27085)
    at process.emit (node:events:513:28)
    at emit (node:internal/child_process:939:14)
    at processTicksAndRejections (node:internal/process/task_queues:84:21)
[10:39:48] Error [CodeExpectedError]: Could not find pty on pty host
    at g.O (/home/ubuntu/.vscode-server/bin/2ccd690cbff1569e4a83d7c43d45101f817401dc/out/vs/platform/terminal/node/ptyHostMain.js:28:7243)
    at g.updateTitle (/home/ubuntu/.vscode-server/bin/2ccd690cbff1569e4a83d7c43d45101f817401dc/out/vs/platform/terminal/node/ptyHostMain.js:28:2685)
    at g.Q.<computed> (/home/ubuntu/.vscode-server/bin/2ccd690cbff1569e4a83d7c43d45101f817401dc/out/vs/platform/terminal/node/ptyHostMain.js:27:22460)
    at Object.call (/home/ubuntu/.vscode-server/bin/2ccd690cbff1569e4a83d7c43d45101f817401dc/out/vs/platform/terminal/node/ptyHostMain.js:17:4866)
    at u.s (/home/ubuntu/.vscode-server/bin/2ccd690cbff1569e4a83d7c43d45101f817401dc/out/vs/platform/terminal/node/ptyHostMain.js:15:5150)
    at u.q (/home/ubuntu/.vscode-server/bin/2ccd690cbff1569e4a83d7c43d45101f817401dc/out/vs/platform/terminal/node/ptyHostMain.js:15:4661)
    at i.value (/home/ubuntu/.vscode-server/bin/2ccd690cbff1569e4a83d7c43d45101f817401dc/out/vs/platform/terminal/node/ptyHostMain.js:15:4066)
    at E.w (/home/ubuntu/.vscode-server/bin/2ccd690cbff1569e4a83d7c43d45101f817401dc/out/vs/platform/terminal/node/ptyHostMain.js:10:1902)
    at E.fire (/home/ubuntu/.vscode-server/bin/2ccd690cbff1569e4a83d7c43d45101f817401dc/out/vs/platform/terminal/node/ptyHostMain.js:10:2119)
    at process.G (/home/ubuntu/.vscode-server/bin/2ccd690cbff1569e4a83d7c43d45101f817401dc/out/vs/platform/terminal/node/ptyHostMain.js:8:27085)
    at process.emit (node:events:513:28)
    at emit (node:internal/child_process:939:14)
    at processTicksAndRejections (node:internal/process/task_queues:84:21)
New EH opened, aborting shutdown
[10:44:34] New EH opened, aborting shutdown
